[2015-10-12 22:11:45] START
[2015-10-12 22:12:09] EDIT M2L/models/menu.py: 0
[2015-10-12 22:13:02] EDIT M2L/models/menu.py: 0
[2015-10-12 22:13:24] EDIT M2L/models/menu.py: 0
[2015-10-12 22:16:24] EDIT M2L/models/menu.py: -2
[2015-10-12 22:16:49] UPLOAD /home/malou/SAUV_CLEO/MALOU/PROF/PRATIQUE/CODE_APPLICATIF/FRAMEWORK/WEB2PY/web2py/applications/M2L/static/logoM2L.png: 47
[2015-10-12 22:17:20] EDIT M2L/models/menu.py: 0
[2015-10-12 22:17:26] EDIT M2L/models/menu.py: 0
[2015-10-12 22:22:17] DELETE M2L/static/logoM2L.png: -47
[2015-10-12 22:22:28] UPLOAD /home/malou/SAUV_CLEO/MALOU/PROF/PRATIQUE/CODE_APPLICATIF/FRAMEWORK/WEB2PY/web2py/applications/M2L/static/logoM2L.png: 24
[2015-10-12 22:24:50] DELETE M2L/static/logoM2L.png: -24
[2015-10-12 22:25:00] UPLOAD /home/malou/SAUV_CLEO/MALOU/PROF/PRATIQUE/CODE_APPLICATIF/FRAMEWORK/WEB2PY/web2py/applications/M2L/static/logoM2L.png: 15
[2015-10-12 22:26:07] DELETE M2L/static/logoM2L.png: -15
[2015-10-12 22:26:13] UPLOAD /home/malou/SAUV_CLEO/MALOU/PROF/PRATIQUE/CODE_APPLICATIF/FRAMEWORK/WEB2PY/web2py/applications/M2L/static/logoM2L.png: 12
[2015-10-12 22:28:54] DELETE M2L/static/logoM2L.png: -12
[2015-10-12 22:29:03] UPLOAD /home/malou/SAUV_CLEO/MALOU/PROF/PRATIQUE/CODE_APPLICATIF/FRAMEWORK/WEB2PY/web2py/applications/M2L/static/logoM2L_1.jpg: 17
[2015-10-12 22:29:14] EDIT M2L/models/menu.py: 0
[2015-10-12 22:29:33] EDIT M2L/models/menu.py: 0
[2015-10-12 22:50:57] DELETE M2L/static/images/background.jpg: -1088
[2015-10-12 22:51:12] UPLOAD /home/malou/SAUV_CLEO/MALOU/PROF/PRATIQUE/CODE_APPLICATIF/FRAMEWORK/WEB2PY/web2py/applications/M2L/static/background.jpg: 410
[2015-10-12 22:57:40] EDIT M2L/models/menu.py: 0
[2015-10-12 23:06:57] EDIT M2L/static/css/bootstrap.min.css: 0
[2015-10-12 23:07:33] EDIT M2L/static/css/bootstrap.min.css: 0
[2015-10-12 23:08:22] EDIT M2L/static/css/bootstrap.min.css: 0
[2015-10-12 23:09:16] EDIT M2L/static/css/bootstrap.min.css: 0
[2015-10-12 23:12:39] EDIT M2L/models/menu.py: -1
[2015-10-12 23:13:04] EDIT M2L/models/menu.py: 1
[2015-10-12 23:13:41] EDIT M2L/models/menu.py: 2
[2015-10-12 23:15:29] EDIT M2L/models/menu.py: 6
[2015-10-12 23:28:26] EDIT M2L/controllers/default.py: -1
[2015-10-12 23:28:35] EDIT M2L/controllers/default.py: -3
[2015-10-12 23:29:52] EDIT M2L/views/default/index.html: -13
[2015-10-12 23:30:21] EDIT M2L/controllers/default.py: 1
[2015-10-12 23:30:59] EDIT M2L/views/default/index.html: 1
[2015-10-12 23:31:35] EDIT M2L/views/default/index.html: 2
[2015-10-12 23:31:54] EDIT M2L/views/default/index.html: -2
[2015-10-12 23:32:13] EDIT M2L/controllers/default.py: 0
[2015-10-12 23:33:35] EDIT M2L/views/default/index.html: 0
[2015-10-12 23:34:00] EDIT M2L/views/default/index.html: -1
[2015-10-12 23:36:30] EDIT M2L/views/default/index.html: 2
[2015-10-12 23:36:59] EDIT M2L/models/menu.py: -6
[2015-10-12 23:38:22] EDIT M2L/views/default/index.html: 0
[2015-10-13 11:54:10] EDIT M2L/views/default/index.html: 0
[2015-10-13 11:54:46] EDIT M2L/controllers/default.py: 5
[2015-10-13 11:55:03] CREATE default/statutJuridique.html: 0
[2015-10-13 12:01:28] EDIT M2L/views/default/statutJuridique.html: 12
[2015-10-13 12:02:32] EDIT M2L/views/default/index.html: 5
[2015-10-13 18:22:44] EDIT M2L/views/layout.html: 8
[2015-10-13 18:25:25] EDIT M2L/views/default/index.html: 1
[2015-10-13 18:25:35] EDIT M2L/views/default/index.html: -10
[2015-10-13 21:49:31] EDIT M2L/models/menu.py: 0
[2015-10-13 21:50:14] EDIT M2L/models/menu.py: 0
[2015-10-13 21:50:31] EDIT M2L/models/menu.py: 0
[2015-10-14 10:39:33] EDIT M2L/private/appconfig.ini: 0
[2015-10-14 10:43:03] EDIT M2L/private/appconfig.ini: 0
[2015-10-14 10:46:35] CREATE db_ligue.py: 0
[2015-10-14 10:52:11] EDIT M2L/models/db_ligue.py: 8
[2015-10-14 10:52:23] EDIT M2L/models/db_ligue.py: 0
[2015-10-14 10:59:36] EDIT M2L/models/db_ligue.py: 1
[2015-10-14 11:01:05] EDIT M2L/models/db_ligue.py: 0
[2015-10-14 13:11:59] EDIT M2L/private/appconfig.ini: 0
[2015-10-14 13:12:19] EDIT M2L/private/appconfig.ini: 0
[2015-10-14 13:12:48] EDIT M2L/private/appconfig.ini: 0
[2015-10-14 13:15:00] EDIT M2L/private/appconfig.ini: 0
[2015-10-14 13:15:15] EDIT M2L/private/appconfig.ini: 0
[2015-10-14 13:16:57] EDIT M2L/models/db_ligue.py: 0
[2015-10-14 13:17:18] EDIT M2L/models/db.py: 0
[2015-10-14 13:35:01] EDIT M2L/private/appconfig.ini: 0
<<<<<<< HEAD
[2015-10-16 13:05:48] EDIT M2L/private/appconfig.ini: 0
=======
[2015-10-16 14:10:11] EDIT M2L/private/appconfig.ini: 0
>>>>>>> refs/remotes/origin/master
[2015-11-04 13:31:27] CREATE informationM2L.py: 0
[2015-11-04 13:35:57] EDIT M2L/views/default/index.html: 0
[2015-11-04 14:18:25] EDIT M2L/controllers/informationM2L.py: 2
[2015-11-04 14:19:11] EDIT M2L/controllers/informationM2L.py: 0
[2015-11-04 14:19:36] EDIT M2L/controllers/informationM2L.py: 0
[2015-11-04 14:20:51] CREATE services.html: 0
[2015-11-04 14:21:52] EDIT M2L/views/services.html: 0
[2015-11-04 14:23:41] DELETE M2L/views/services.html: -3
[2015-11-04 14:24:04] CREATE informationM2L/services.html: 0
[2015-11-04 14:26:18] EDIT M2L/controllers/informationM2L.py: 0
[2015-11-04 14:30:33] EDIT M2L/models/db_ligue.py: 4
[2015-11-04 14:30:38] EDIT M2L/controllers/informationM2L.py: 0
[2015-11-04 14:32:31] EDIT M2L/models/db_ligue.py: 0
[2015-11-04 14:34:47] EDIT M2L/views/informationM2L/services.html: -2
[2015-11-04 15:14:55] EDIT M2L/controllers/informationM2L.py: 0
[2015-11-04 15:16:42] EDIT M2L/views/informationM2L/services.html: 7
[2015-11-04 15:16:52] EDIT M2L/views/informationM2L/services.html: 0
[2015-11-04 15:21:20] EDIT M2L/views/informationM2L/services.html: 0
[2015-11-04 15:22:45] EDIT M2L/views/default/index.html: 0
[2015-11-04 15:29:21] CREATE informationM2L/contact.html: 0
[2015-11-04 15:32:36] EDIT M2L/views/informationM2L/contact.html: 5
[2015-11-04 15:32:50] EDIT M2L/controllers/informationM2L.py: 2
[2015-11-04 15:33:04] EDIT M2L/views/informationM2L/contact.html: 0
[2015-11-04 15:38:38] EDIT M2L/controllers/informationM2L.py: 2
[2015-11-04 15:40:45] EDIT M2L/controllers/informationM2L.py: 0
[2015-11-04 15:41:01] CREATE informationM2L/locaux.html: 0
[2015-11-04 15:45:30] EDIT M2L/views/informationM2L/locaux.html: 16
[2015-11-04 15:45:44] EDIT M2L/views/default/index.html: 0
[2015-11-04 15:46:52] EDIT M2L/views/informationM2L/locaux.html: 0
[2015-11-04 15:46:53] EDIT M2L/views/informationM2L/locaux.html: 0
[2015-11-04 15:52:52] EDIT M2L/models/db_ligue.py: 6
[2015-11-04 15:54:17] EDIT M2L/models/db_ligue.py: 0
[2015-11-04 15:55:22] EDIT M2L/views/informationM2L/contact.html: 0
[2015-11-04 15:57:07] CREATE informationM2L/personel.html: 0
[2015-11-04 16:01:25] EDIT M2L/controllers/informationM2L.py: 3
[2015-11-04 16:12:43] EDIT M2L/views/informationM2L/personel.html: 10
[2015-11-04 16:13:00] EDIT M2L/views/default/index.html: 0
[2015-11-04 16:13:29] EDIT M2L/views/default/index.html: 0
[2015-11-04 16:14:02] EDIT M2L/views/informationM2L/personel.html: 0
[2015-11-04 16:19:53] EDIT M2L/controllers/informationM2L.py: 0
[2015-11-04 16:22:11] EDIT M2L/views/informationM2L/personel.html: 0
[2015-11-04 16:23:17] EDIT M2L/views/informationM2L/personel.html: 0
[2015-11-04 16:23:30] EDIT M2L/views/informationM2L/personel.html: 0
[2015-11-04 16:24:14] EDIT M2L/views/informationM2L/personel.html: 0
[2015-11-04 16:24:24] EDIT M2L/views/informationM2L/personel.html: 0
[2015-11-04 16:24:37] EDIT M2L/views/informationM2L/personel.html: 0
[2015-11-04 16:25:30] EDIT M2L/views/informationM2L/personel.html: 0
[2015-11-04 16:26:20] EDIT M2L/views/informationM2L/personel.html: 0
[2015-11-04 16:30:02] EDIT M2L/views/informationM2L/personel.html: 0
[2015-11-04 16:30:23] EDIT M2L/views/informationM2L/personel.html: 0
[2015-11-04 16:30:50] EDIT M2L/views/informationM2L/personel.html: 0
[2015-11-18 13:09:27] EDIT M2L/controllers/informationM2L.py: 1
[2015-11-18 13:10:01] EDIT M2L/controllers/informationM2L.py: 0
[2015-11-18 13:31:22] EDIT M2L/views/informationM2L/services.html: 1
[2015-11-18 13:33:13] EDIT M2L/controllers/informationM2L.py: 3
[2015-11-18 13:36:31] EDIT M2L/controllers/informationM2L.py: 0
[2015-11-18 13:39:46] EDIT M2L/controllers/informationM2L.py: 0
[2015-11-18 13:43:55] EDIT M2L/controllers/informationM2L.py: 4
[2015-11-18 13:44:03] EDIT M2L/views/informationM2L/personel.html: 1
[2015-11-18 13:44:33] EDIT M2L/controllers/informationM2L.py: 0
[2015-11-18 13:44:54] EDIT M2L/views/informationM2L/personel.html: 0
[2015-11-18 13:45:00] EDIT M2L/views/informationM2L/personel.html: 0
[2015-11-18 14:15:20] EDIT M2L/models/db_ligue.py: 5
[2015-11-18 14:15:42] EDIT M2L/models/db_ligue.py: 0
[2015-11-18 14:17:27] CREATE informationM2L/listeFormation.html: 0
[2015-11-18 14:20:19] EDIT M2L/views/informationM2L/listeFormation.html: 7
[2015-11-18 14:20:20] EDIT M2L/views/informationM2L/services.html: 0
[2015-11-18 14:20:22] EDIT M2L/controllers/informationM2L.py: 3
[2015-11-18 14:23:14] EDIT M2L/controllers/informationM2L.py: 4
[2015-11-18 14:23:16] EDIT M2L/views/informationM2L/listeFormation.html: 0
[2015-11-18 14:28:12] EDIT M2L/models/db_ligue.py: 0
[2015-11-18 14:29:07] EDIT M2L/models/db_ligue.py: 0
[2015-11-18 14:30:46] EDIT M2L/models/db_ligue.py: 0
[2015-11-18 14:31:55] EDIT M2L/views/informationM2L/listeFormation.html: 0
[2015-11-18 14:32:10] EDIT M2L/views/informationM2L/listeFormation.html: 0
[2015-11-18 14:33:05] EDIT M2L/views/informationM2L/listeFormation.html: 0
[2015-11-18 14:33:17] EDIT M2L/views/informationM2L/listeFormation.html: 0
[2015-11-18 14:34:55] EDIT M2L/views/default/index.html: 1
[2015-11-18 15:02:21] EDIT M2L/views/informationM2L/listeFormation.html: 1
[2015-11-18 15:11:23] EDIT M2L/models/db_ligue.py: 1
[2015-11-18 15:11:33] EDIT M2L/models/db_ligue.py: 0
